Copyright 1986-2018 Xilinx, Inc. All Rights Reserved.
---------------------------------------------------------------------------------------------------------------------------
| Tool Version : Vivado v.2018.3 (win64) Build 2405991 Thu Dec  6 23:38:27 MST 2018
| Date         : Sat Aug  1 10:14:35 2020
| Host         : DESKTOP-6MI8UE8 running 64-bit major release  (build 9200)
| Command      : report_drc -file oscilloscope_drc_opted.rpt -pb oscilloscope_drc_opted.pb -rpx oscilloscope_drc_opted.rpx
| Design       : oscilloscope
| Device       : xc7s15ftgb196-1
| Speed File   : -1
| Design State : Synthesized
---------------------------------------------------------------------------------------------------------------------------

Report DRC

Table of Contents
-----------------
1. REPORT SUMMARY
2. REPORT DETAILS

1. REPORT SUMMARY
-----------------
            Netlist: netlist
          Floorplan: design_1
      Design limits: <entire design considered>
           Ruledeck: default
             Max violations: <unlimited>
             Violations found: 3
+-------------+----------+-------------------------------------------------------------+------------+
| Rule        | Severity | Description                                                 | Violations |
+-------------+----------+-------------------------------------------------------------+------------+
| CFGBVS-1    | Warning  | Missing CFGBVS and CONFIG_VOLTAGE Design Properties         | 1          |
| PLHOLDVIO-2 | Warning  | Non-Optimal connections which could lead to hold violations | 2          |
+-------------+----------+-------------------------------------------------------------+------------+

2. REPORT DETAILS
-----------------
CFGBVS-1#1 Warning
Missing CFGBVS and CONFIG_VOLTAGE Design Properties  
Neither the CFGBVS nor CONFIG_VOLTAGE voltage property is set in the current_design.  Configuration bank voltage select (CFGBVS) must be set to VCCO or GND, and CONFIG_VOLTAGE must be set to the correct configuration voltage, in order to determine the I/O voltage support for the pins in bank 0.  It is suggested to specify these either using the 'Edit Device Properties' function in the GUI or directly in the XDC file using the following syntax:

 set_property CFGBVS value1 [current_design]
 #where value1 is either VCCO or GND

 set_property CONFIG_VOLTAGE value2 [current_design]
 #where value2 is the voltage provided to configuration bank 0

Refer to the device configuration user guide for more information.
Related violations: <none>

PLHOLDVIO-2#1 Warning
Non-Optimal connections which could lead to hold violations  
A LUT u_Driver_UART/inst/UART_Clk/clk_out is driving clock pin of 15 cells. This could lead to large hold time violations. Involved cells are:
u_Driver_UART/inst/UART_Tx0/Data_Cnt_reg[0], u_Driver_UART/inst/UART_Tx0/Data_Cnt_reg[1], u_Driver_UART/inst/UART_Tx0/Data_Cnt_reg[2], u_Driver_UART/inst/UART_Tx0/FSM_sequential_State_Current_reg[0], u_Driver_UART/inst/UART_Tx0/FSM_sequential_State_Current_reg[1], u_Driver_UART/inst/UART_Tx0/FSM_sequential_State_Current_reg[2], u_Driver_UART/inst/UART_Tx0/Send_Buffer_reg[0], u_Driver_UART/inst/UART_Tx0/Send_Buffer_reg[1], u_Driver_UART/inst/UART_Tx0/Send_Buffer_reg[2], u_Driver_UART/inst/UART_Tx0/Send_Buffer_reg[3], u_Driver_UART/inst/UART_Tx0/Send_Buffer_reg[4], u_Driver_UART/inst/UART_Tx0/Send_Buffer_reg[5], u_Driver_UART/inst/UART_Tx0/Send_Buffer_reg[6], u_Driver_UART/inst/UART_Tx0/Send_Buffer_reg[7], u_Driver_UART/inst/UART_Tx0/Tx_reg (the first 15 of 15 listed)
Related violations: <none>

PLHOLDVIO-2#2 Warning
Non-Optimal connections which could lead to hold violations  
A LUT u_Driver_UART/inst/UART_Tx0/Tx_ACK_INST_0 is driving clock pin of 8 cells. This could lead to large hold time violations. Involved cells are:
u_UART_Send/Send_Buffer_reg[0], u_UART_Send/Send_Buffer_reg[1], u_UART_Send/Send_Buffer_reg[2], u_UART_Send/Send_Buffer_reg[3], u_UART_Send/Send_Buffer_reg[4], u_UART_Send/Send_Buffer_reg[5], u_UART_Send/Send_Buffer_reg[6], u_UART_Send/Send_Buffer_reg[7]
Related violations: <none>


