#-----------------------------------------------------------
# Vivado v2018.3 (64-bit)
# SW Build 2405991 on Thu Dec  6 23:38:27 MST 2018
# IP Build 2404404 on Fri Dec  7 01:43:56 MST 2018
# Start of session at: Sat Aug  1 09:59:33 2020
# Process ID: 11448
# Current directory: E:/2018.3/vivado_program/oscilloscope
# Command line: vivado.exe -gui_launcher_event rodinguilauncherevent5204 E:\2018.3\vivado_program\oscilloscope\oscilloscope.xpr
# Log file: E:/2018.3/vivado_program/oscilloscope/vivado.log
# Journal file: E:/2018.3/vivado_program/oscilloscope\vivado.jou
#-----------------------------------------------------------
start_gui
open_project E:/2018.3/vivado_program/oscilloscope/oscilloscope.xpr
Scanning sources...
Finished scanning sources
INFO: [IP_Flow 19-234] Refreshing IP repositories
INFO: [IP_Flow 19-1700] Loaded user IP repository 'e:/2018.3/IP_Core/ADC-IP'.
INFO: [IP_Flow 19-1700] Loaded user IP repository 'e:/2018.3/IP_Core/DAC-IP'.
INFO: [IP_Flow 19-1700] Loaded user IP repository 'e:/2018.3/IP_Core/UART-IP'.
INFO: [IP_Flow 19-2313] Loaded Vivado IP repository 'E:/Xilinx/Vivado/2018.3/data/ip'.
open_project: Time (s): cpu = 00:00:21 ; elapsed = 00:00:15 . Memory (MB): peak = 807.371 ; gain = 174.805
update_compile_order -fileset sources_1
export_ip_user_files -of_objects  [get_files E:/2018.3/vivado_program/oscilloscope/oscilloscope.srcs/sim_1/new/TestBench.v] -no_script -reset -force -quiet
remove_files  -fileset sim_1 E:/2018.3/vivado_program/oscilloscope/oscilloscope.srcs/sim_1/new/TestBench.v
reset_run synth_1
launch_runs synth_1 -jobs 4
[Sat Aug  1 10:01:50 2020] Launched synth_1...
Run output will be captured here: E:/2018.3/vivado_program/oscilloscope/oscilloscope.runs/synth_1/runme.log
launch_runs impl_1 -jobs 4
[Sat Aug  1 10:04:11 2020] Launched impl_1...
Run output will be captured here: E:/2018.3/vivado_program/oscilloscope/oscilloscope.runs/impl_1/runme.log
open_run impl_1
INFO: [Netlist 29-17] Analyzing 324 Unisim elements for replacement
INFO: [Netlist 29-28] Unisim Transformation completed in 0 CPU seconds
INFO: [Project 1-479] Netlist was created with Vivado 2018.3
INFO: [Device 21-403] Loading part xc7s15ftgb196-1
INFO: [Project 1-570] Preparing netlist for logic optimization
INFO: [Constraints 18-4398] Generator version for shapeDB does not match. shapeDB will be regenerated.
INFO: [Timing 38-478] Restoring timing data from binary archive.
INFO: [Timing 38-479] Binary timing data restore complete.
INFO: [Project 1-856] Restoring constraints from binary archive.
INFO: [Project 1-853] Binary constraint restore complete.
Reading XDEF placement.
Reading placer database...
Reading XDEF routing.
Read XDEF File: Time (s): cpu = 00:00:00 ; elapsed = 00:00:00.264 . Memory (MB): peak = 1567.789 ; gain = 0.000
Restored from archive | CPU: 0.000000 secs | Memory: 0.000000 MB |
Finished XDEF File Restore: Time (s): cpu = 00:00:00 ; elapsed = 00:00:00.264 . Memory (MB): peak = 1567.789 ; gain = 0.000
Netlist sorting complete. Time (s): cpu = 00:00:00 ; elapsed = 00:00:00 . Memory (MB): peak = 1567.789 ; gain = 0.000
INFO: [Project 1-111] Unisim Transformation Summary:
No Unisim elements were transformed.

open_run: Time (s): cpu = 00:00:26 ; elapsed = 00:00:22 . Memory (MB): peak = 1670.785 ; gain = 669.285
reset_run synth_1
launch_runs synth_1 -jobs 4
[Sat Aug  1 10:12:27 2020] Launched synth_1...
Run output will be captured here: E:/2018.3/vivado_program/oscilloscope/oscilloscope.runs/synth_1/runme.log
launch_runs impl_1 -jobs 4
[Sat Aug  1 10:13:53 2020] Launched impl_1...
Run output will be captured here: E:/2018.3/vivado_program/oscilloscope/oscilloscope.runs/impl_1/runme.log
refresh_design
INFO: [Netlist 29-17] Analyzing 324 Unisim elements for replacement
INFO: [Netlist 29-28] Unisim Transformation completed in 0 CPU seconds
INFO: [Project 1-479] Netlist was created with Vivado 2018.3
INFO: [Project 1-570] Preparing netlist for logic optimization
INFO: [Constraints 18-4398] Generator version for shapeDB does not match. shapeDB will be regenerated.
INFO: [Timing 38-478] Restoring timing data from binary archive.
INFO: [Timing 38-479] Binary timing data restore complete.
INFO: [Project 1-856] Restoring constraints from binary archive.
INFO: [Project 1-853] Binary constraint restore complete.
Reading XDEF placement.
Reading placer database...
Reading XDEF routing.
Read XDEF File: Time (s): cpu = 00:00:00 ; elapsed = 00:00:00.223 . Memory (MB): peak = 1723.984 ; gain = 0.000
Restored from archive | CPU: 0.000000 secs | Memory: 0.000000 MB |
Finished XDEF File Restore: Time (s): cpu = 00:00:00 ; elapsed = 00:00:00.223 . Memory (MB): peak = 1723.984 ; gain = 0.000
refresh_design: Time (s): cpu = 00:00:16 ; elapsed = 00:00:08 . Memory (MB): peak = 1778.754 ; gain = 70.992
launch_runs impl_1 -to_step write_bitstream -jobs 4
[Sat Aug  1 10:16:37 2020] Launched impl_1...
Run output will be captured here: E:/2018.3/vivado_program/oscilloscope/oscilloscope.runs/impl_1/runme.log
exit
INFO: [Common 17-206] Exiting Vivado at Sat Aug  1 10:18:00 2020...
